<?xml version="1.0" encoding="UTF-8"?>
<!-- Generated by org.testng.reporters.JUnitXMLReporter -->
<testsuite ignored="0" hostname="DESKTOP-PB18A7O" failures="0" tests="3" name="Default test" time="18.717" errors="0" timestamp="2022-03-31T17:07:35 EDT">
  <testcase classname="spendNSaveTests.ProductTests" name="cardProducts" time="6.602"/>
  <testcase classname="spendNSaveTests.ProductTests" name="emptyCheckBoxes" time="6.429"/>
  <testcase classname="spendNSaveTests.ProductTests" name="isProductPage" time="1.552"/>
</testsuite> <!-- Default test -->
