<?xml version="1.0" encoding="UTF-8"?>
<testng-results ignored="0" total="3" passed="3" failed="0" skipped="0">
  <reporter-output>
  </reporter-output>
  <suite started-at="2022-03-31T17:07:17 EDT" name="Default suite" finished-at="2022-03-31T17:07:35 EDT" duration-ms="18717">
    <groups>
    </groups>
    <test started-at="2022-03-31T17:07:17 EDT" name="Default test" finished-at="2022-03-31T17:07:35 EDT" duration-ms="18717">
      <class name="spendNSaveTests.ProductTests">
        <test-method is-config="true" signature="initialize()[pri:0, instance:spendNSaveTests.ProductTests@4fb61f4a]" started-at="2022-03-31T17:07:17 EDT" name="initialize" finished-at="2022-03-31T17:07:21 EDT" duration-ms="4086" status="PASS">
          <reporter-output>
          </reporter-output>
        </test-method> <!-- initialize -->
        <test-method signature="cardProducts()[pri:0, instance:spendNSaveTests.ProductTests@4fb61f4a]" started-at="2022-03-31T17:07:21 EDT" name="cardProducts" finished-at="2022-03-31T17:07:27 EDT" duration-ms="6602" status="PASS">
          <reporter-output>
          </reporter-output>
        </test-method> <!-- cardProducts -->
        <test-method signature="emptyCheckBoxes()[pri:0, instance:spendNSaveTests.ProductTests@4fb61f4a]" started-at="2022-03-31T17:07:27 EDT" name="emptyCheckBoxes" finished-at="2022-03-31T17:07:34 EDT" duration-ms="6429" status="PASS">
          <reporter-output>
          </reporter-output>
        </test-method> <!-- emptyCheckBoxes -->
        <test-method signature="isProductPage()[pri:0, instance:spendNSaveTests.ProductTests@4fb61f4a]" started-at="2022-03-31T17:07:34 EDT" name="isProductPage" finished-at="2022-03-31T17:07:35 EDT" duration-ms="1552" status="PASS">
          <reporter-output>
          </reporter-output>
        </test-method> <!-- isProductPage -->
      </class> <!-- spendNSaveTests.ProductTests -->
    </test> <!-- Default test -->
  </suite> <!-- Default suite -->
</testng-results>
